[2025-12-16 22:22:45] [INFO] Pesquisa realizada na manutenção de IPTU | IP: ::1 | {"action":"pesquisar","ano_referencia":"2025","empreendimento_id":"2","modulo_id":"1","contrato":"123","total_encontrado":12,"usuario":"admin"}
[2025-12-16 22:22:58] [INFO] Título carregado na manutenção de IPTU | IP: ::1 | {"action":"get","id":"78","usuario":"admin"}
[2025-12-16 22:23:05] [INFO] Título carregado na manutenção de IPTU | IP: ::1 | {"action":"get","id":"78","usuario":"admin"}
[2025-12-16 22:23:10] [INFO] Título carregado na manutenção de IPTU | IP: ::1 | {"action":"get","id":"78","usuario":"admin"}
[2025-12-16 22:23:15] [INFO] Título atualizado na manutenção de IPTU | IP: ::1 | {"action":"update","id":78,"observacao":"sadasdadsadadx","campos_atualizados":["observacao = :observacao","data_atualizacao = CURRENT_TIMESTAMP"],"usuario":"admin"}
[2025-12-16 22:23:16] [INFO] Pesquisa realizada na manutenção de IPTU | IP: ::1 | {"action":"pesquisar","ano_referencia":"2025","empreendimento_id":"2","modulo_id":"1","contrato":"123","total_encontrado":12,"usuario":"admin"}
[2025-12-16 22:36:20] [INFO] Tentativa de pesquisa sem todos os filtros obrigatórios - Manutenção IPTU | IP: ::1 | {"ano_referencia":null,"empreendimento_id":2,"modulo_id":1,"contrato":"123","usuario":"admin"}
[2025-12-16 22:42:36] [INFO] Tentativa de pesquisa sem todos os filtros obrigatórios - Manutenção IPTU | IP: ::1 | {"ano_referencia":null,"empreendimento_id":2,"modulo_id":1,"contrato":"123","usuario":"admin"}
[2025-12-16 22:45:12] [INFO] Tentativa de pesquisa sem todos os filtros obrigatórios - Manutenção IPTU | IP: ::1 | {"ano_referencia":null,"empreendimento_id":2,"modulo_id":1,"contrato":"123","usuario":"admin"}
[2025-12-16 22:45:14] [INFO] Pesquisa realizada na manutenção de IPTU | IP: ::1 | {"action":"pesquisar","ano_referencia":"2025","empreendimento_id":"2","modulo_id":"1","contrato":"123","total_encontrado":12,"usuario":"admin"}
[2025-12-16 22:45:19] [INFO] Título carregado na manutenção de IPTU | IP: ::1 | {"action":"get","id":"78","usuario":"admin"}
[2025-12-16 22:48:27] [INFO] Tentativa de pesquisa sem todos os filtros obrigatórios - Manutenção IPTU | IP: ::1 | {"ano_referencia":null,"empreendimento_id":2,"modulo_id":1,"contrato":"123","usuario":"admin"}
[2025-12-16 22:48:31] [INFO] Pesquisa realizada na manutenção de IPTU | IP: ::1 | {"action":"pesquisar","ano_referencia":"2025","empreendimento_id":"2","modulo_id":"1","contrato":"123","total_encontrado":12,"usuario":"admin"}
[2025-12-16 22:48:33] [INFO] Título carregado na manutenção de IPTU | IP: ::1 | {"action":"get","id":"78","usuario":"admin"}
[2025-12-16 22:49:16] [INFO] Título carregado na manutenção de IPTU | IP: ::1 | {"action":"get","id":"79","usuario":"admin"}
[2025-12-16 22:53:27] [INFO] Tentativa de pesquisa sem todos os filtros obrigatórios - Manutenção IPTU | IP: ::1 | {"ano_referencia":null,"empreendimento_id":2,"modulo_id":1,"contrato":"123","usuario":"admin"}
[2025-12-16 22:53:29] [INFO] Pesquisa realizada na manutenção de IPTU | IP: ::1 | {"action":"pesquisar","ano_referencia":"2025","empreendimento_id":"2","modulo_id":"1","contrato":"123","total_encontrado":12,"usuario":"admin"}
[2025-12-16 22:53:32] [INFO] Título carregado na manutenção de IPTU | IP: ::1 | {"action":"get","id":"78","usuario":"admin"}
[2025-12-16 22:53:55] [INFO] Título atualizado na manutenção de IPTU | IP: ::1 | {"action":"update","id":78,"valor_mensal":46660,"dia_vencimento":"2026-01-05","observacao":"sadasdadsadadx","campos_atualizados":["valor_mensal = :valor_mensal","dia_vencimento = :dia_vencimento","observacao = :observacao","data_atualizacao = CURRENT_TIMESTAMP"],"usuario":"admin"}
[2025-12-16 22:53:58] [INFO] Pesquisa realizada na manutenção de IPTU | IP: ::1 | {"action":"pesquisar","ano_referencia":"2025","empreendimento_id":"2","modulo_id":"1","contrato":"123","total_encontrado":12,"usuario":"admin"}
[2025-12-16 22:54:03] [INFO] Título carregado na manutenção de IPTU | IP: ::1 | {"action":"get","id":"78","usuario":"admin"}
[2025-12-16 22:54:11] [INFO] Título atualizado na manutenção de IPTU | IP: ::1 | {"action":"update","id":78,"valor_mensal":4600,"dia_vencimento":"2026-01-05","observacao":"sadasdadsadadx","campos_atualizados":["valor_mensal = :valor_mensal","dia_vencimento = :dia_vencimento","observacao = :observacao","data_atualizacao = CURRENT_TIMESTAMP"],"usuario":"admin"}
[2025-12-16 22:54:13] [INFO] Pesquisa realizada na manutenção de IPTU | IP: ::1 | {"action":"pesquisar","ano_referencia":"2025","empreendimento_id":"2","modulo_id":"1","contrato":"123","total_encontrado":12,"usuario":"admin"}
[2025-12-16 22:54:23] [INFO] Título carregado na manutenção de IPTU | IP: ::1 | {"action":"get","id":"78","usuario":"admin"}
[2025-12-16 23:00:29] [INFO] Tentativa de pesquisa sem todos os filtros obrigatórios - Manutenção IPTU | IP: ::1 | {"ano_referencia":null,"empreendimento_id":2,"modulo_id":1,"contrato":"123","usuario":"admin"}
[2025-12-16 23:00:31] [INFO] Pesquisa realizada na manutenção de IPTU | IP: ::1 | {"action":"pesquisar","ano_referencia":"2025","empreendimento_id":"2","modulo_id":"1","contrato":"123","total_encontrado":12,"usuario":"admin"}
[2025-12-16 23:00:34] [INFO] Título carregado na manutenção de IPTU | IP: ::1 | {"action":"get","id":"78","usuario":"admin"}
[2025-12-16 23:00:52] [INFO] Título atualizado na manutenção de IPTU | IP: ::1 | {"action":"update","id":78,"valor_mensal":40000,"dia_vencimento":"2026-01-04","observacao":"sadasdadsadadx","campos_atualizados":["valor_mensal = :valor_mensal","dia_vencimento = :dia_vencimento","observacao = :observacao","data_atualizacao = CURRENT_TIMESTAMP"],"usuario":"admin"}
[2025-12-16 23:00:53] [INFO] Pesquisa realizada na manutenção de IPTU | IP: ::1 | {"action":"pesquisar","ano_referencia":"2025","empreendimento_id":"2","modulo_id":"1","contrato":"123","total_encontrado":12,"usuario":"admin"}
[2025-12-16 23:04:27] [INFO] Tentativa de pesquisa sem todos os filtros obrigatórios - Manutenção IPTU | IP: ::1 | {"ano_referencia":null,"empreendimento_id":2,"modulo_id":1,"contrato":"123","usuario":"admin"}
[2025-12-16 23:04:29] [INFO] Pesquisa realizada na manutenção de IPTU | IP: ::1 | {"action":"pesquisar","ano_referencia":"2025","empreendimento_id":"2","modulo_id":"1","contrato":"123","total_encontrado":12,"usuario":"admin"}
[2025-12-16 23:04:31] [INFO] Título carregado na manutenção de IPTU | IP: ::1 | {"action":"get","id":"78","usuario":"admin"}
[2025-12-16 23:04:41] [INFO] Título atualizado na manutenção de IPTU | IP: ::1 | {"action":"update","id":78,"valor_mensal":4000,"dia_vencimento":"2026-01-04","observacao":"sadasdadsadadx","campos_atualizados":["valor_mensal = :valor_mensal","dia_vencimento = :dia_vencimento","observacao = :observacao","data_atualizacao = CURRENT_TIMESTAMP"],"usuario":"admin"}
[2025-12-16 23:04:50] [INFO] Pesquisa realizada na manutenção de IPTU | IP: ::1 | {"action":"pesquisar","ano_referencia":"2025","empreendimento_id":"2","modulo_id":"1","contrato":"123","total_encontrado":12,"usuario":"admin"}
[2025-12-16 23:08:28] [INFO] Tentativa de pesquisa sem todos os filtros obrigatórios - Manutenção IPTU | IP: ::1 | {"ano_referencia":null,"empreendimento_id":2,"modulo_id":1,"contrato":"123","usuario":"admin"}
[2025-12-16 23:08:30] [INFO] Pesquisa realizada na manutenção de IPTU | IP: ::1 | {"action":"pesquisar","ano_referencia":"2025","empreendimento_id":"2","modulo_id":"1","contrato":"123","total_encontrado":12,"usuario":"admin"}
[2025-12-16 23:08:36] [INFO] Título carregado na manutenção de IPTU | IP: ::1 | {"action":"get","id":"78","usuario":"admin"}
[2025-12-16 23:08:51] [INFO] Título atualizado na manutenção de IPTU | IP: ::1 | {"action":"update","id":78,"valor_mensal":100,"dia_vencimento":"2026-01-05","observacao":"sadasdadsadadx","campos_atualizados":["valor_mensal = :valor_mensal","dia_vencimento = :dia_vencimento","observacao = :observacao","data_atualizacao = CURRENT_TIMESTAMP"],"usuario":"admin"}
[2025-12-16 23:08:52] [INFO] Pesquisa realizada na manutenção de IPTU | IP: ::1 | {"action":"pesquisar","ano_referencia":"2025","empreendimento_id":"2","modulo_id":"1","contrato":"123","total_encontrado":12,"usuario":"admin"}
[2025-12-16 23:09:01] [INFO] Título carregado na manutenção de IPTU | IP: ::1 | {"action":"get","id":"78","usuario":"admin"}
[2025-12-16 23:09:13] [INFO] Título atualizado na manutenção de IPTU | IP: ::1 | {"action":"update","id":78,"valor_mensal":200,"dia_vencimento":"2026-01-05","observacao":"sadasdadsadadx","campos_atualizados":["valor_mensal = :valor_mensal","dia_vencimento = :dia_vencimento","observacao = :observacao","data_atualizacao = CURRENT_TIMESTAMP"],"usuario":"admin"}
[2025-12-16 23:09:15] [INFO] Pesquisa realizada na manutenção de IPTU | IP: ::1 | {"action":"pesquisar","ano_referencia":"2025","empreendimento_id":"2","modulo_id":"1","contrato":"123","total_encontrado":12,"usuario":"admin"}
[2025-12-16 23:10:48] [INFO] Tentativa de pesquisa sem todos os filtros obrigatórios - Manutenção IPTU | IP: ::1 | {"ano_referencia":null,"empreendimento_id":2,"modulo_id":1,"contrato":"123","usuario":"admin"}
[2025-12-16 23:10:50] [INFO] Pesquisa realizada na manutenção de IPTU | IP: ::1 | {"action":"pesquisar","ano_referencia":"2025","empreendimento_id":"2","modulo_id":"1","contrato":"123","total_encontrado":12,"usuario":"admin"}
[2025-12-16 23:10:53] [INFO] Título carregado na manutenção de IPTU | IP: ::1 | {"action":"get","id":"78","usuario":"admin"}
[2025-12-16 23:11:01] [INFO] Título atualizado na manutenção de IPTU | IP: ::1 | {"action":"update","id":78,"valor_mensal":500,"dia_vencimento":"2026-01-05","observacao":"sadasdadsadadx","campos_atualizados":["valor_mensal = :valor_mensal","dia_vencimento = :dia_vencimento","observacao = :observacao","data_atualizacao = CURRENT_TIMESTAMP"],"usuario":"admin"}
[2025-12-16 23:11:04] [INFO] Pesquisa realizada na manutenção de IPTU | IP: ::1 | {"action":"pesquisar","ano_referencia":"2025","empreendimento_id":"2","modulo_id":"1","contrato":"123","total_encontrado":12,"usuario":"admin"}
[2025-12-16 23:11:06] [INFO] Título carregado na manutenção de IPTU | IP: ::1 | {"action":"get","id":"78","usuario":"admin"}
[2025-12-16 23:11:45] [INFO] Tentativa de pesquisa sem todos os filtros obrigatórios - Manutenção IPTU | IP: ::1 | {"ano_referencia":null,"empreendimento_id":2,"modulo_id":1,"contrato":"123","usuario":"admin"}
[2025-12-16 23:11:48] [INFO] Pesquisa realizada na manutenção de IPTU | IP: ::1 | {"action":"pesquisar","ano_referencia":"2025","empreendimento_id":"2","modulo_id":"1","contrato":"123","total_encontrado":12,"usuario":"admin"}
[2025-12-16 23:12:01] [INFO] Título carregado na manutenção de IPTU | IP: ::1 | {"action":"get","id":"78","usuario":"admin"}
[2025-12-16 23:12:13] [INFO] Título atualizado na manutenção de IPTU | IP: ::1 | {"action":"update","id":78,"valor_mensal":20833,"dia_vencimento":"2026-01-05","observacao":"sadasdadsadadx","campos_atualizados":["valor_mensal = :valor_mensal","dia_vencimento = :dia_vencimento","observacao = :observacao","data_atualizacao = CURRENT_TIMESTAMP"],"usuario":"admin"}
[2025-12-16 23:12:15] [INFO] Pesquisa realizada na manutenção de IPTU | IP: ::1 | {"action":"pesquisar","ano_referencia":"2025","empreendimento_id":"2","modulo_id":"1","contrato":"123","total_encontrado":12,"usuario":"admin"}
