[2025-12-22 14:25:12] [INFO] Tentativa de pesquisa sem todos os filtros obrigatórios - Manutenção IPTU | IP: ::1 | {"ano_referencia":null,"empreendimento_id":2,"modulo_id":1,"contrato":"123456","usuario":"admin"}
[2025-12-22 14:25:16] [INFO] Tentativa de pesquisa sem todos os filtros obrigatórios - Manutenção IPTU | IP: ::1 | {"ano_referencia":null,"empreendimento_id":2,"modulo_id":1,"contrato":"123456","usuario":"admin"}
[2025-12-22 14:25:23] [INFO] Tentativa de pesquisa sem todos os filtros obrigatórios - Manutenção IPTU | IP: ::1 | {"ano_referencia":null,"empreendimento_id":2,"modulo_id":1,"contrato":"123","usuario":"admin"}
[2025-12-22 14:25:32] [INFO] Pesquisa realizada na manutenção de IPTU | IP: ::1 | {"action":"pesquisar","ano_referencia":"2025","empreendimento_id":"2","modulo_id":"1","contrato":"123","total_encontrado":12,"usuario":"admin"}
[2025-12-22 14:25:40] [INFO] Título carregado na manutenção de IPTU | IP: ::1 | {"action":"get","id":"78","usuario":"admin"}
[2025-12-22 14:25:45] [INFO] Título atualizado na manutenção de IPTU | IP: ::1 | {"action":"update","id":78,"valor_mensal":20833,"dia_vencimento":"2026-01-05","observacao":"sadasdadsadadx","campos_atualizados":["valor_mensal = :valor_mensal","dia_vencimento = :dia_vencimento","observacao = :observacao","data_atualizacao = CURRENT_TIMESTAMP"],"usuario":"admin"}
[2025-12-22 14:25:48] [INFO] Pesquisa realizada na manutenção de IPTU | IP: ::1 | {"action":"pesquisar","ano_referencia":"2025","empreendimento_id":"2","modulo_id":"1","contrato":"123","total_encontrado":12,"usuario":"admin"}
[2025-12-22 14:25:50] [INFO] Título carregado na manutenção de IPTU | IP: ::1 | {"action":"get","id":"78","usuario":"admin"}
[2025-12-22 14:26:08] [INFO] Título atualizado na manutenção de IPTU | IP: ::1 | {"action":"update","id":78,"valor_mensal":10000,"dia_vencimento":"2026-01-05","observacao":"teste","campos_atualizados":["valor_mensal = :valor_mensal","dia_vencimento = :dia_vencimento","observacao = :observacao","data_atualizacao = CURRENT_TIMESTAMP"],"usuario":"admin"}
[2025-12-22 14:26:10] [INFO] Pesquisa realizada na manutenção de IPTU | IP: ::1 | {"action":"pesquisar","ano_referencia":"2025","empreendimento_id":"2","modulo_id":"1","contrato":"123","total_encontrado":12,"usuario":"admin"}
[2025-12-22 14:27:51] [INFO] Título carregado na manutenção de IPTU | IP: ::1 | {"action":"get","id":"78","usuario":"admin"}
[2025-12-22 14:28:00] [INFO] Título atualizado na manutenção de IPTU | IP: ::1 | {"action":"update","id":78,"valor_mensal":46660,"dia_vencimento":"2026-01-05","observacao":"teste","campos_atualizados":["valor_mensal = :valor_mensal","dia_vencimento = :dia_vencimento","observacao = :observacao","data_atualizacao = CURRENT_TIMESTAMP"],"usuario":"admin"}
[2025-12-22 14:28:01] [INFO] Pesquisa realizada na manutenção de IPTU | IP: ::1 | {"action":"pesquisar","ano_referencia":"2025","empreendimento_id":"2","modulo_id":"1","contrato":"123","total_encontrado":12,"usuario":"admin"}
[2025-12-22 14:32:25] [INFO] Tentativa de pesquisa sem todos os filtros obrigatórios - Manutenção IPTU | IP: ::1 | {"ano_referencia":null,"empreendimento_id":2,"modulo_id":1,"contrato":"123","usuario":"admin"}
[2025-12-22 14:32:26] [INFO] Pesquisa realizada na manutenção de IPTU | IP: ::1 | {"action":"pesquisar","ano_referencia":"2025","empreendimento_id":"2","modulo_id":"1","contrato":"123","total_encontrado":12,"usuario":"admin"}
[2025-12-22 14:32:28] [INFO] Título carregado na manutenção de IPTU | IP: ::1 | {"action":"get","id":"78","usuario":"admin"}
[2025-12-22 14:32:34] [INFO] Título carregado na manutenção de IPTU | IP: ::1 | {"action":"get","id":"78","usuario":"admin"}
[2025-12-22 14:32:43] [INFO] Título atualizado na manutenção de IPTU | IP: ::1 | {"action":"update","id":78,"valor_mensal":20833,"dia_vencimento":"2026-01-05","observacao":"teste","campos_atualizados":["valor_mensal = :valor_mensal","dia_vencimento = :dia_vencimento","observacao = :observacao","data_atualizacao = CURRENT_TIMESTAMP"],"usuario":"admin"}
[2025-12-22 14:32:46] [INFO] Pesquisa realizada na manutenção de IPTU | IP: ::1 | {"action":"pesquisar","ano_referencia":"2025","empreendimento_id":"2","modulo_id":"1","contrato":"123","total_encontrado":12,"usuario":"admin"}
[2025-12-22 14:36:27] [INFO] Tentativa de pesquisa sem todos os filtros obrigatórios - Manutenção IPTU | IP: ::1 | {"ano_referencia":null,"empreendimento_id":2,"modulo_id":1,"contrato":"123","usuario":"admin"}
[2025-12-22 14:36:29] [INFO] Pesquisa realizada na manutenção de IPTU | IP: ::1 | {"action":"pesquisar","ano_referencia":"2025","empreendimento_id":"2","modulo_id":"1","contrato":"123","total_encontrado":12,"usuario":"admin"}
[2025-12-22 14:36:31] [INFO] Título carregado na manutenção de IPTU | IP: ::1 | {"action":"get","id":"78","usuario":"admin"}
[2025-12-22 14:36:41] [INFO] Título atualizado na manutenção de IPTU | IP: ::1 | {"action":"update","id":78,"valor_mensal":208.33,"dia_vencimento":"2026-01-05","observacao":"teste","campos_atualizados":["valor_mensal = :valor_mensal","dia_vencimento = :dia_vencimento","observacao = :observacao","data_atualizacao = CURRENT_TIMESTAMP"],"usuario":"admin"}
[2025-12-22 14:36:44] [INFO] Pesquisa realizada na manutenção de IPTU | IP: ::1 | {"action":"pesquisar","ano_referencia":"2025","empreendimento_id":"2","modulo_id":"1","contrato":"123","total_encontrado":12,"usuario":"admin"}
[2025-12-22 14:36:52] [INFO] Título carregado na manutenção de IPTU | IP: ::1 | {"action":"get","id":"79","usuario":"admin"}
[2025-12-22 14:36:55] [INFO] Título atualizado na manutenção de IPTU | IP: ::1 | {"action":"update","id":79,"valor_mensal":100,"dia_vencimento":"2026-02-05","observacao":"sadasdadsadad","campos_atualizados":["valor_mensal = :valor_mensal","dia_vencimento = :dia_vencimento","observacao = :observacao","data_atualizacao = CURRENT_TIMESTAMP"],"usuario":"admin"}
[2025-12-22 14:36:57] [INFO] Pesquisa realizada na manutenção de IPTU | IP: ::1 | {"action":"pesquisar","ano_referencia":"2025","empreendimento_id":"2","modulo_id":"1","contrato":"123","total_encontrado":12,"usuario":"admin"}
[2025-12-22 14:36:59] [INFO] Título carregado na manutenção de IPTU | IP: ::1 | {"action":"get","id":"80","usuario":"admin"}
[2025-12-22 14:37:06] [INFO] Título atualizado na manutenção de IPTU | IP: ::1 | {"action":"update","id":80,"valor_mensal":25000,"dia_vencimento":"2026-03-05","observacao":"sadasdadsadad","campos_atualizados":["valor_mensal = :valor_mensal","dia_vencimento = :dia_vencimento","observacao = :observacao","data_atualizacao = CURRENT_TIMESTAMP"],"usuario":"admin"}
[2025-12-22 14:37:07] [INFO] Pesquisa realizada na manutenção de IPTU | IP: ::1 | {"action":"pesquisar","ano_referencia":"2025","empreendimento_id":"2","modulo_id":"1","contrato":"123","total_encontrado":12,"usuario":"admin"}
[2025-12-22 14:37:29] [INFO] Título carregado na manutenção de IPTU | IP: ::1 | {"action":"get","id":"78","usuario":"admin"}
[2025-12-22 14:38:54] [INFO] Tentativa de pesquisa sem todos os filtros obrigatórios - Manutenção IPTU | IP: ::1 | {"ano_referencia":null,"empreendimento_id":2,"modulo_id":1,"contrato":"123","usuario":"admin"}
[2025-12-22 14:38:56] [INFO] Pesquisa realizada na manutenção de IPTU | IP: ::1 | {"action":"pesquisar","ano_referencia":"2025","empreendimento_id":"2","modulo_id":"1","contrato":"123","total_encontrado":12,"usuario":"admin"}
[2025-12-22 14:38:58] [INFO] Título carregado na manutenção de IPTU | IP: ::1 | {"action":"get","id":"78","usuario":"admin"}
[2025-12-22 14:39:06] [INFO] Título carregado na manutenção de IPTU | IP: ::1 | {"action":"get","id":"78","usuario":"admin"}
[2025-12-22 14:39:12] [INFO] Título atualizado na manutenção de IPTU | IP: ::1 | {"action":"update","id":78,"valor_mensal":150,"dia_vencimento":"2026-01-05","observacao":"teste","campos_atualizados":["valor_mensal = :valor_mensal","dia_vencimento = :dia_vencimento","observacao = :observacao","data_atualizacao = CURRENT_TIMESTAMP"],"usuario":"admin"}
[2025-12-22 14:39:13] [INFO] Pesquisa realizada na manutenção de IPTU | IP: ::1 | {"action":"pesquisar","ano_referencia":"2025","empreendimento_id":"2","modulo_id":"1","contrato":"123","total_encontrado":12,"usuario":"admin"}
[2025-12-22 14:39:18] [INFO] Título carregado na manutenção de IPTU | IP: ::1 | {"action":"get","id":"79","usuario":"admin"}
[2025-12-22 14:39:23] [INFO] Título atualizado na manutenção de IPTU | IP: ::1 | {"action":"update","id":79,"valor_mensal":100.01,"dia_vencimento":"2026-02-05","observacao":"sadasdadsadad","campos_atualizados":["valor_mensal = :valor_mensal","dia_vencimento = :dia_vencimento","observacao = :observacao","data_atualizacao = CURRENT_TIMESTAMP"],"usuario":"admin"}
[2025-12-22 14:39:24] [INFO] Pesquisa realizada na manutenção de IPTU | IP: ::1 | {"action":"pesquisar","ano_referencia":"2025","empreendimento_id":"2","modulo_id":"1","contrato":"123","total_encontrado":12,"usuario":"admin"}
[2025-12-22 14:39:57] [INFO] Título carregado na manutenção de IPTU | IP: ::1 | {"action":"get","id":"78","usuario":"admin"}
[2025-12-22 14:42:47] [INFO] Tentativa de pesquisa sem todos os filtros obrigatórios - Manutenção IPTU | IP: ::1 | {"ano_referencia":null,"empreendimento_id":2,"modulo_id":1,"contrato":"123","usuario":"admin"}
[2025-12-22 14:42:47] [INFO] Pesquisa realizada na manutenção de IPTU | IP: ::1 | {"action":"pesquisar","ano_referencia":"2025","empreendimento_id":"2","modulo_id":"1","contrato":"123","total_encontrado":12,"usuario":"admin"}
[2025-12-22 14:42:50] [INFO] Título carregado na manutenção de IPTU | IP: ::1 | {"action":"get","id":"78","usuario":"admin"}
[2025-12-22 14:42:57] [INFO] Título atualizado na manutenção de IPTU | IP: ::1 | {"action":"update","id":78,"valor_mensal":150,"dia_vencimento":"2026-01-05","observacao":"teste","campos_atualizados":["valor_mensal = :valor_mensal","dia_vencimento = :dia_vencimento","observacao = :observacao","data_atualizacao = CURRENT_TIMESTAMP"],"usuario":"admin"}
[2025-12-22 14:42:59] [INFO] Pesquisa realizada na manutenção de IPTU | IP: ::1 | {"action":"pesquisar","ano_referencia":"2025","empreendimento_id":"2","modulo_id":"1","contrato":"123","total_encontrado":12,"usuario":"admin"}
[2025-12-22 14:43:02] [INFO] Título carregado na manutenção de IPTU | IP: ::1 | {"action":"get","id":"78","usuario":"admin"}
[2025-12-22 14:46:52] [INFO] Tentativa de pesquisa sem todos os filtros obrigatórios - Manutenção IPTU | IP: ::1 | {"ano_referencia":null,"empreendimento_id":2,"modulo_id":1,"contrato":"123","usuario":"admin"}
[2025-12-22 14:46:53] [INFO] Pesquisa realizada na manutenção de IPTU | IP: ::1 | {"action":"pesquisar","ano_referencia":"2025","empreendimento_id":"2","modulo_id":"1","contrato":"123","total_encontrado":12,"usuario":"admin"}
[2025-12-22 14:46:55] [INFO] Título carregado na manutenção de IPTU | IP: ::1 | {"action":"get","id":"78","usuario":"admin"}
[2025-12-22 14:56:08] [INFO] Tentativa de pesquisa sem todos os filtros obrigatórios - Manutenção IPTU | IP: ::1 | {"ano_referencia":null,"empreendimento_id":2,"modulo_id":1,"contrato":"123","usuario":"admin"}
[2025-12-22 14:56:13] [INFO] Pesquisa realizada na manutenção de IPTU | IP: ::1 | {"action":"pesquisar","ano_referencia":"2025","empreendimento_id":"2","modulo_id":"1","contrato":"123","total_encontrado":12,"usuario":"admin"}
[2025-12-22 14:56:16] [INFO] Título carregado na manutenção de IPTU | IP: ::1 | {"action":"get","id":"78","usuario":"admin"}
[2025-12-22 14:56:44] [INFO] Tentativa de pesquisa sem todos os filtros obrigatórios - Manutenção IPTU | IP: ::1 | {"ano_referencia":null,"empreendimento_id":2,"modulo_id":1,"contrato":"123","usuario":"admin"}
[2025-12-22 14:56:46] [INFO] Pesquisa realizada na manutenção de IPTU | IP: ::1 | {"action":"pesquisar","ano_referencia":"2025","empreendimento_id":"2","modulo_id":"1","contrato":"123","total_encontrado":12,"usuario":"admin"}
[2025-12-22 14:56:49] [INFO] Título carregado na manutenção de IPTU | IP: ::1 | {"action":"get","id":"79","usuario":"admin"}
[2025-12-22 14:57:58] [INFO] Título atualizado na manutenção de IPTU | IP: ::1 | {"action":"update","id":79,"valor_mensal":100.02,"dia_vencimento":"2026-02-05","observacao":"sadasdadsadad","campos_atualizados":["valor_mensal = :valor_mensal","dia_vencimento = :dia_vencimento","observacao = :observacao","data_atualizacao = CURRENT_TIMESTAMP"],"usuario":"admin"}
[2025-12-22 14:57:59] [INFO] Pesquisa realizada na manutenção de IPTU | IP: ::1 | {"action":"pesquisar","ano_referencia":"2025","empreendimento_id":"2","modulo_id":"1","contrato":"123","total_encontrado":12,"usuario":"admin"}
[2025-12-22 14:58:33] [INFO] Título carregado na manutenção de IPTU | IP: ::1 | {"action":"get","id":"78","usuario":"admin"}
[2025-12-22 14:58:38] [INFO] Título atualizado na manutenção de IPTU | IP: ::1 | {"action":"update","id":78,"valor_mensal":150,"dia_vencimento":"2026-01-30","observacao":"teste","campos_atualizados":["valor_mensal = :valor_mensal","dia_vencimento = :dia_vencimento","observacao = :observacao","data_atualizacao = CURRENT_TIMESTAMP"],"usuario":"admin"}
[2025-12-22 14:58:40] [INFO] Pesquisa realizada na manutenção de IPTU | IP: ::1 | {"action":"pesquisar","ano_referencia":"2025","empreendimento_id":"2","modulo_id":"1","contrato":"123","total_encontrado":12,"usuario":"admin"}
[2025-12-22 14:59:11] [INFO] Tentativa de pesquisa sem todos os filtros obrigatórios - Manutenção IPTU | IP: ::1 | {"ano_referencia":null,"empreendimento_id":2,"modulo_id":1,"contrato":"123","usuario":"admin"}
[2025-12-22 14:59:13] [INFO] Pesquisa realizada na manutenção de IPTU | IP: ::1 | {"action":"pesquisar","ano_referencia":"2025","empreendimento_id":"2","modulo_id":"1","contrato":"123","total_encontrado":12,"usuario":"admin"}
[2025-12-22 14:59:16] [INFO] Título carregado na manutenção de IPTU | IP: ::1 | {"action":"get","id":"78","usuario":"admin"}
[2025-12-22 14:59:33] [INFO] Título atualizado na manutenção de IPTU | IP: ::1 | {"action":"update","id":78,"valor_mensal":150,"dia_vencimento":"2025-12-23","observacao":"teste","campos_atualizados":["valor_mensal = :valor_mensal","dia_vencimento = :dia_vencimento","observacao = :observacao","data_atualizacao = CURRENT_TIMESTAMP"],"usuario":"admin"}
[2025-12-22 14:59:35] [INFO] Pesquisa realizada na manutenção de IPTU | IP: ::1 | {"action":"pesquisar","ano_referencia":"2025","empreendimento_id":"2","modulo_id":"1","contrato":"123","total_encontrado":12,"usuario":"admin"}
[2025-12-22 15:00:04] [INFO] Título carregado na manutenção de IPTU | IP: ::1 | {"action":"get","id":"78","usuario":"admin"}
[2025-12-22 15:00:15] [INFO] Título atualizado na manutenção de IPTU | IP: ::1 | {"action":"update","id":78,"valor_mensal":150.01,"dia_vencimento":"2025-12-24","observacao":"teste","campos_atualizados":["valor_mensal = :valor_mensal","dia_vencimento = :dia_vencimento","observacao = :observacao","data_atualizacao = CURRENT_TIMESTAMP"],"usuario":"admin"}
[2025-12-22 15:00:16] [INFO] Pesquisa realizada na manutenção de IPTU | IP: ::1 | {"action":"pesquisar","ano_referencia":"2025","empreendimento_id":"2","modulo_id":"1","contrato":"123","total_encontrado":12,"usuario":"admin"}
[2025-12-22 15:05:11] [INFO] Tentativa de pesquisa sem todos os filtros obrigatórios - Manutenção IPTU | IP: ::1 | {"ano_referencia":null,"empreendimento_id":2,"modulo_id":1,"contrato":"123","usuario":"admin"}
[2025-12-22 15:05:12] [INFO] Pesquisa realizada na manutenção de IPTU | IP: ::1 | {"action":"pesquisar","ano_referencia":"2025","empreendimento_id":"2","modulo_id":"1","contrato":"123","total_encontrado":12,"usuario":"admin"}
[2025-12-22 15:05:15] [INFO] Título carregado na manutenção de IPTU | IP: ::1 | {"action":"get","id":"78","usuario":"admin"}
[2025-12-22 15:05:23] [INFO] Título atualizado na manutenção de IPTU | IP: ::1 | {"action":"update","id":78,"valor_mensal":150.01,"dia_vencimento":"2025-12-31","observacao":"teste","campos_atualizados":["valor_mensal = :valor_mensal","dia_vencimento = CAST(:dia_vencimento AS DATE)","observacao = :observacao","data_atualizacao = CURRENT_TIMESTAMP"],"usuario":"admin"}
[2025-12-22 15:05:24] [INFO] Pesquisa realizada na manutenção de IPTU | IP: ::1 | {"action":"pesquisar","ano_referencia":"2025","empreendimento_id":"2","modulo_id":"1","contrato":"123","total_encontrado":12,"usuario":"admin"}
[2025-12-22 15:08:41] [INFO] Tentativa de pesquisa sem todos os filtros obrigatórios - Manutenção IPTU | IP: ::1 | {"ano_referencia":null,"empreendimento_id":2,"modulo_id":1,"contrato":"123","usuario":"admin"}
[2025-12-22 15:08:41] [INFO] Pesquisa realizada na manutenção de IPTU | IP: ::1 | {"action":"pesquisar","ano_referencia":"2025","empreendimento_id":"2","modulo_id":"1","contrato":"123","total_encontrado":12,"usuario":"admin"}
[2025-12-22 15:08:44] [INFO] Título carregado na manutenção de IPTU | IP: ::1 | {"action":"get","id":"78","usuario":"admin"}
[2025-12-22 15:08:48] [INFO] Título atualizado na manutenção de IPTU | IP: ::1 | {"action":"update","id":78,"valor_mensal":150.01,"dia_vencimento":"2025-12-31","observacao":"teste","campos_atualizados":["valor_mensal = :valor_mensal","dia_vencimento = TO_DATE(:dia_vencimento, 'YYYY-MM-DD')","observacao = :observacao","data_atualizacao = CURRENT_TIMESTAMP"],"usuario":"admin"}
[2025-12-22 15:08:51] [INFO] Pesquisa realizada na manutenção de IPTU | IP: ::1 | {"action":"pesquisar","ano_referencia":"2025","empreendimento_id":"2","modulo_id":"1","contrato":"123","total_encontrado":12,"usuario":"admin"}
[2025-12-22 15:09:01] [INFO] Título carregado na manutenção de IPTU | IP: ::1 | {"action":"get","id":"79","usuario":"admin"}
[2025-12-22 15:09:06] [INFO] Título atualizado na manutenção de IPTU | IP: ::1 | {"action":"update","id":79,"valor_mensal":100.02,"dia_vencimento":"2025-12-24","observacao":"sadasdadsadad","campos_atualizados":["valor_mensal = :valor_mensal","dia_vencimento = TO_DATE(:dia_vencimento, 'YYYY-MM-DD')","observacao = :observacao","data_atualizacao = CURRENT_TIMESTAMP"],"usuario":"admin"}
[2025-12-22 15:09:08] [INFO] Pesquisa realizada na manutenção de IPTU | IP: ::1 | {"action":"pesquisar","ano_referencia":"2025","empreendimento_id":"2","modulo_id":"1","contrato":"123","total_encontrado":12,"usuario":"admin"}
[2025-12-22 15:18:05] [INFO] Tentativa de pesquisa sem todos os filtros obrigatórios - Manutenção IPTU | IP: ::1 | {"ano_referencia":null,"empreendimento_id":2,"modulo_id":1,"contrato":"123","usuario":"admin"}
[2025-12-22 15:24:00] [INFO] Tentativa de pesquisa sem todos os filtros obrigatórios - Manutenção IPTU | IP: ::1 | {"ano_referencia":null,"empreendimento_id":2,"modulo_id":1,"contrato":"123","usuario":"admin"}
[2025-12-22 15:25:54] [INFO] Tentativa de pesquisa sem todos os filtros obrigatórios - Manutenção IPTU | IP: ::1 | {"ano_referencia":null,"empreendimento_id":2,"modulo_id":1,"contrato":"123","usuario":"admin"}
[2025-12-22 15:33:00] [INFO] Tentativa de pesquisa sem todos os filtros obrigatórios - Manutenção IPTU | IP: ::1 | {"ano_referencia":null,"empreendimento_id":2,"modulo_id":1,"contrato":"123","usuario":"admin"}
[2025-12-22 15:33:02] [INFO] Pesquisa realizada na manutenção de IPTU | IP: ::1 | {"action":"pesquisar","ano_referencia":"2025","empreendimento_id":"2","modulo_id":"1","contrato":"123","total_encontrado":12,"usuario":"admin"}
[2025-12-22 15:33:14] [INFO] Título carregado na manutenção de IPTU | IP: ::1 | {"action":"get","id":"79","usuario":"admin"}
[2025-12-22 15:33:19] [INFO] Título atualizado na manutenção de IPTU | IP: ::1 | {"action":"update","id":79,"valor_mensal":100.02,"dia_vencimento":"2025-12-22","observacao":"sadasdadsadad","campos_atualizados":["valor_mensal = :valor_mensal","datavencimento = TO_DATE(:dia_vencimento, 'YYYY-MM-DD')","observacao = :observacao","data_atualizacao = CURRENT_TIMESTAMP"],"usuario":"admin"}
[2025-12-22 15:33:21] [INFO] Pesquisa realizada na manutenção de IPTU | IP: ::1 | {"action":"pesquisar","ano_referencia":"2025","empreendimento_id":"2","modulo_id":"1","contrato":"123","total_encontrado":12,"usuario":"admin"}
[2025-12-22 15:35:16] [INFO] Pesquisa realizada na manutenção de IPTU | IP: ::1 | {"action":"pesquisar","ano_referencia":"2025","empreendimento_id":"2","modulo_id":"1","contrato":"123","total_encontrado":12,"usuario":"admin"}
[2025-12-22 15:39:58] [INFO] Tentativa de pesquisa sem todos os filtros obrigatórios - Manutenção IPTU | IP: ::1 | {"ano_referencia":null,"empreendimento_id":2,"modulo_id":1,"contrato":"123","usuario":"admin"}
[2025-12-22 15:40:02] [INFO] Pesquisa realizada na manutenção de IPTU | IP: ::1 | {"action":"pesquisar","ano_referencia":"2025","empreendimento_id":"2","modulo_id":"1","contrato":"123","total_encontrado":12,"usuario":"admin"}
[2025-12-22 15:40:06] [INFO] Título carregado na manutenção de IPTU | IP: ::1 | {"action":"get","id":"79","usuario":"admin"}
[2025-12-22 15:40:13] [INFO] Título carregado na manutenção de IPTU | IP: ::1 | {"action":"get","id":"79","usuario":"admin"}
[2025-12-22 15:40:26] [INFO] Título atualizado na manutenção de IPTU | IP: ::1 | {"action":"update","id":79,"valor_mensal":333,"dia_vencimento":"2025-12-01","observacao":"sadasdadsadad","campos_atualizados":["valor_mensal = :valor_mensal","datavencimento = TO_DATE(:dia_vencimento, 'YYYY-MM-DD')","observacao = :observacao","data_atualizacao = CURRENT_TIMESTAMP"],"usuario":"admin"}
[2025-12-22 15:40:28] [INFO] Pesquisa realizada na manutenção de IPTU | IP: ::1 | {"action":"pesquisar","ano_referencia":"2025","empreendimento_id":"2","modulo_id":"1","contrato":"123","total_encontrado":12,"usuario":"admin"}
[2025-12-22 16:55:02] [INFO] Tentativa de pesquisa sem todos os filtros obrigatórios - Manutenção IPTU | IP: ::1 | {"ano_referencia":null,"empreendimento_id":2,"modulo_id":1,"contrato":"123","usuario":"admin"}
[2025-12-22 16:55:04] [INFO] Pesquisa realizada na manutenção de IPTU | IP: ::1 | {"action":"pesquisar","ano_referencia":"2025","empreendimento_id":"2","modulo_id":"1","contrato":"123","total_encontrado":12,"usuario":"admin"}
[2025-12-22 16:57:00] [INFO] Tentativa de pesquisa sem todos os filtros obrigatórios - Manutenção IPTU | IP: ::1 | {"ano_referencia":null,"empreendimento_id":2,"modulo_id":1,"contrato":"123","usuario":"admin"}
[2025-12-22 16:57:02] [INFO] Pesquisa realizada na manutenção de IPTU | IP: ::1 | {"action":"pesquisar","ano_referencia":"2025","empreendimento_id":"2","modulo_id":"1","contrato":"123","total_encontrado":12,"usuario":"admin"}
[2025-12-22 16:57:13] [INFO] Título carregado na manutenção de IPTU | IP: ::1 | {"action":"get","id":"102","usuario":"admin"}
[2025-12-22 16:57:18] [INFO] Título carregado na manutenção de IPTU | IP: ::1 | {"action":"get","id":"104","usuario":"admin"}
[2025-12-22 16:57:23] [INFO] Título atualizado na manutenção de IPTU | IP: ::1 | {"action":"update","id":104,"valor_mensal":833.33,"dia_vencimento":"2026-02-02","observacao":"sadasdadsadad","campos_atualizados":["valor_mensal = :valor_mensal","datavencimento = TO_DATE(:dia_vencimento, 'YYYY-MM-DD')","observacao = :observacao","data_atualizacao = CURRENT_TIMESTAMP"],"usuario":"admin"}
[2025-12-22 16:57:25] [INFO] Pesquisa realizada na manutenção de IPTU | IP: ::1 | {"action":"pesquisar","ano_referencia":"2025","empreendimento_id":"2","modulo_id":"1","contrato":"123","total_encontrado":12,"usuario":"admin"}
[2025-12-22 16:57:28] [INFO] Título carregado na manutenção de IPTU | IP: ::1 | {"action":"get","id":"104","usuario":"admin"}
[2025-12-22 16:57:33] [INFO] Título carregado na manutenção de IPTU | IP: ::1 | {"action":"get","id":"104","usuario":"admin"}
[2025-12-22 16:57:39] [INFO] Título atualizado na manutenção de IPTU | IP: ::1 | {"action":"update","id":104,"valor_mensal":1000,"dia_vencimento":"2026-02-02","observacao":"sadasdadsadad","campos_atualizados":["valor_mensal = :valor_mensal","datavencimento = TO_DATE(:dia_vencimento, 'YYYY-MM-DD')","observacao = :observacao","data_atualizacao = CURRENT_TIMESTAMP"],"usuario":"admin"}
[2025-12-22 16:57:40] [INFO] Pesquisa realizada na manutenção de IPTU | IP: ::1 | {"action":"pesquisar","ano_referencia":"2025","empreendimento_id":"2","modulo_id":"1","contrato":"123","total_encontrado":12,"usuario":"admin"}
[2025-12-22 17:49:15] [INFO] Título carregado na manutenção de IPTU | IP: ::1 | {"action":"get","id":"102","usuario":"admin"}
[2025-12-22 17:49:28] [INFO] Título atualizado na manutenção de IPTU | IP: ::1 | {"action":"update","id":102,"valor_mensal":525,"dia_vencimento":"2025-12-30","observacao":"sadasdadsadad","campos_atualizados":["valor_mensal = :valor_mensal","datavencimento = TO_DATE(:dia_vencimento, 'YYYY-MM-DD')","observacao = :observacao","data_atualizacao = CURRENT_TIMESTAMP"],"usuario":"admin"}
[2025-12-22 17:49:30] [INFO] Pesquisa realizada na manutenção de IPTU | IP: ::1 | {"action":"pesquisar","ano_referencia":"2025","empreendimento_id":"2","modulo_id":"1","contrato":"123","total_encontrado":12,"usuario":"admin"}
[2025-12-22 18:03:34] [INFO] Tentativa de pesquisa sem todos os filtros obrigatórios - Manutenção IPTU | IP: ::1 | {"ano_referencia":null,"empreendimento_id":null,"modulo_id":null,"contrato":null,"usuario":"admin"}
[2025-12-22 18:03:37] [INFO] Tentativa de pesquisa sem todos os filtros obrigatórios - Manutenção IPTU | IP: ::1 | {"ano_referencia":null,"empreendimento_id":null,"modulo_id":null,"contrato":null,"usuario":"admin"}
[2025-12-22 18:03:39] [INFO] Tentativa de pesquisa sem todos os filtros obrigatórios - Manutenção IPTU | IP: ::1 | {"ano_referencia":null,"empreendimento_id":null,"modulo_id":null,"contrato":null,"usuario":"admin"}
[2025-12-22 18:04:00] [INFO] Pesquisa realizada na manutenção de IPTU | IP: ::1 | {"action":"pesquisar","ano_referencia":null,"empreendimento_id":"2","modulo_id":"1","contrato":"123","total_encontrado":12,"usuario":"admin"}
[2025-12-22 18:04:00] [INFO] Pesquisa realizada na manutenção de IPTU | IP: ::1 | {"action":"pesquisar","ano_referencia":null,"empreendimento_id":"2","modulo_id":"1","contrato":"123","total_encontrado":12,"usuario":"admin"}
[2025-12-22 18:11:26] [INFO] Pesquisa realizada na manutenção de IPTU | IP: ::1 | {"action":"pesquisar","ano_referencia":null,"empreendimento_id":"2","modulo_id":"1","contrato":"123","total_encontrado":0,"usuario":"admin"}
[2025-12-22 18:11:26] [INFO] Pesquisa realizada na manutenção de IPTU | IP: ::1 | {"action":"pesquisar","ano_referencia":null,"empreendimento_id":"2","modulo_id":"1","contrato":"123","total_encontrado":0,"usuario":"admin"}
[2025-12-22 18:24:06] [INFO] Pesquisa realizada na manutenção de IPTU | IP: ::1 | {"action":"pesquisar","ano_referencia":null,"empreendimento_id":"2","modulo_id":"1","contrato":"123","total_encontrado":12,"usuario":"admin"}
[2025-12-22 18:24:34] [INFO] Pesquisa realizada na manutenção de IPTU | IP: ::1 | {"action":"pesquisar","ano_referencia":null,"empreendimento_id":"2","modulo_id":"1","contrato":"123","total_encontrado":12,"usuario":"admin"}
[2025-12-22 18:25:31] [INFO] Pesquisa realizada na manutenção de IPTU | IP: ::1 | {"action":"pesquisar","ano_referencia":null,"empreendimento_id":"2","modulo_id":"1","contrato":"123","total_encontrado":12,"usuario":"admin"}
[2025-12-22 18:25:31] [INFO] Pesquisa realizada na manutenção de IPTU | IP: ::1 | {"action":"pesquisar","ano_referencia":null,"empreendimento_id":"2","modulo_id":"1","contrato":"123","total_encontrado":12,"usuario":"admin"}
[2025-12-22 18:25:32] [INFO] Pesquisa realizada na manutenção de IPTU | IP: ::1 | {"action":"pesquisar","ano_referencia":null,"empreendimento_id":"2","modulo_id":"1","contrato":"123","total_encontrado":12,"usuario":"admin"}
[2025-12-22 18:25:39] [INFO] Pesquisa realizada na manutenção de IPTU | IP: ::1 | {"action":"pesquisar","ano_referencia":null,"empreendimento_id":"2","modulo_id":"1","contrato":"123","total_encontrado":12,"usuario":"admin"}
[2025-12-22 18:25:40] [INFO] Pesquisa realizada na manutenção de IPTU | IP: ::1 | {"action":"pesquisar","ano_referencia":null,"empreendimento_id":"2","modulo_id":"1","contrato":"123","total_encontrado":12,"usuario":"admin"}
[2025-12-22 18:27:10] [INFO] Pesquisa realizada na manutenção de IPTU | IP: ::1 | {"action":"pesquisar","ano_referencia":null,"empreendimento_id":"2","modulo_id":"1","contrato":"123","total_encontrado":12,"usuario":"admin"}
[2025-12-22 18:27:10] [INFO] Pesquisa realizada na manutenção de IPTU | IP: ::1 | {"action":"pesquisar","ano_referencia":null,"empreendimento_id":"2","modulo_id":"1","contrato":"123","total_encontrado":12,"usuario":"admin"}
[2025-12-22 18:27:22] [INFO] Pesquisa realizada na manutenção de IPTU | IP: ::1 | {"action":"pesquisar","ano_referencia":null,"empreendimento_id":"2","modulo_id":"1","contrato":"123","total_encontrado":12,"usuario":"admin"}
[2025-12-22 18:27:26] [INFO] Pesquisa realizada na manutenção de IPTU | IP: ::1 | {"action":"pesquisar","ano_referencia":null,"empreendimento_id":"2","modulo_id":"1","contrato":"123","total_encontrado":12,"usuario":"admin"}
[2025-12-22 18:27:31] [INFO] Pesquisa realizada na manutenção de IPTU | IP: ::1 | {"action":"pesquisar","ano_referencia":null,"empreendimento_id":"2","modulo_id":"1","contrato":"123","total_encontrado":12,"usuario":"admin"}
[2025-12-22 18:27:41] [INFO] Pesquisa realizada na manutenção de IPTU | IP: ::1 | {"action":"pesquisar","ano_referencia":null,"empreendimento_id":"2","modulo_id":"1","contrato":"123","total_encontrado":12,"usuario":"admin"}
[2025-12-22 18:37:01] [INFO] Pesquisa realizada na manutenção de IPTU | IP: ::1 | {"action":"pesquisar","ano_referencia":null,"empreendimento_id":"2","modulo_id":"1","contrato":"123","total_encontrado":12,"usuario":"admin"}
[2025-12-22 18:37:02] [INFO] Pesquisa realizada na manutenção de IPTU | IP: ::1 | {"action":"pesquisar","ano_referencia":null,"empreendimento_id":"2","modulo_id":"1","contrato":"123","total_encontrado":12,"usuario":"admin"}
[2025-12-22 18:37:03] [INFO] Pesquisa realizada na manutenção de IPTU | IP: ::1 | {"action":"pesquisar","ano_referencia":null,"empreendimento_id":"2","modulo_id":"1","contrato":"123","total_encontrado":12,"usuario":"admin"}
[2025-12-22 18:37:16] [INFO] Pesquisa realizada na manutenção de IPTU | IP: ::1 | {"action":"pesquisar","ano_referencia":null,"empreendimento_id":"2","modulo_id":"1","contrato":"123","total_encontrado":12,"usuario":"admin"}
[2025-12-22 18:48:13] [INFO] Pesquisa realizada na manutenção de IPTU | IP: ::1 | {"action":"pesquisar","ano_referencia":null,"empreendimento_id":"2","modulo_id":"1","contrato":"123","total_encontrado":12,"usuario":"admin"}
[2025-12-22 18:48:15] [INFO] Pesquisa realizada na manutenção de IPTU | IP: ::1 | {"action":"pesquisar","ano_referencia":null,"empreendimento_id":"2","modulo_id":"1","contrato":"123","total_encontrado":12,"usuario":"admin"}
[2025-12-22 18:48:22] [INFO] Pesquisa realizada na manutenção de IPTU | IP: ::1 | {"action":"pesquisar","ano_referencia":null,"empreendimento_id":"2","modulo_id":"1","contrato":"123","total_encontrado":12,"usuario":"admin"}
[2025-12-22 18:56:39] [INFO] Pesquisa realizada na manutenção de IPTU | IP: ::1 | {"action":"pesquisar","ano_referencia":null,"empreendimento_id":"2","modulo_id":"1","contrato":"123","total_encontrado":12,"usuario":"admin"}
[2025-12-22 18:56:54] [INFO] Pesquisa realizada na manutenção de IPTU | IP: ::1 | {"action":"pesquisar","ano_referencia":null,"empreendimento_id":"2","modulo_id":"1","contrato":"123","total_encontrado":12,"usuario":"admin"}
[2025-12-22 18:57:04] [INFO] Pesquisa realizada na manutenção de IPTU | IP: ::1 | {"action":"pesquisar","ano_referencia":null,"empreendimento_id":"2","modulo_id":"1","contrato":"123","total_encontrado":12,"usuario":"admin"}
[2025-12-22 18:57:08] [INFO] Pesquisa realizada na manutenção de IPTU | IP: ::1 | {"action":"pesquisar","ano_referencia":null,"empreendimento_id":"2","modulo_id":"1","contrato":"123","total_encontrado":12,"usuario":"admin"}
[2025-12-22 18:57:10] [INFO] Pesquisa realizada na manutenção de IPTU | IP: ::1 | {"action":"pesquisar","ano_referencia":null,"empreendimento_id":"2","modulo_id":"1","contrato":"123","total_encontrado":12,"usuario":"admin"}
[2025-12-22 18:57:11] [INFO] Pesquisa realizada na manutenção de IPTU | IP: ::1 | {"action":"pesquisar","ano_referencia":null,"empreendimento_id":"2","modulo_id":"1","contrato":"123","total_encontrado":12,"usuario":"admin"}
[2025-12-22 18:57:41] [INFO] Pesquisa realizada na manutenção de IPTU | IP: ::1 | {"action":"pesquisar","ano_referencia":null,"empreendimento_id":"2","modulo_id":"1","contrato":"123","total_encontrado":0,"usuario":"admin"}
[2025-12-22 18:57:44] [INFO] Pesquisa realizada na manutenção de IPTU | IP: ::1 | {"action":"pesquisar","ano_referencia":null,"empreendimento_id":"2","modulo_id":"1","contrato":"123","total_encontrado":0,"usuario":"admin"}
[2025-12-22 18:57:46] [INFO] Pesquisa realizada na manutenção de IPTU | IP: ::1 | {"action":"pesquisar","ano_referencia":null,"empreendimento_id":"2","modulo_id":"1","contrato":"123","total_encontrado":0,"usuario":"admin"}
[2025-12-22 18:57:49] [INFO] Pesquisa realizada na manutenção de IPTU | IP: ::1 | {"action":"pesquisar","ano_referencia":null,"empreendimento_id":"2","modulo_id":"1","contrato":"123","total_encontrado":0,"usuario":"admin"}
[2025-12-22 18:57:51] [INFO] Pesquisa realizada na manutenção de IPTU | IP: ::1 | {"action":"pesquisar","ano_referencia":null,"empreendimento_id":"2","modulo_id":"1","contrato":"123","total_encontrado":12,"usuario":"admin"}
[2025-12-22 18:58:02] [INFO] Pesquisa realizada na manutenção de IPTU | IP: ::1 | {"action":"pesquisar","ano_referencia":null,"empreendimento_id":"2","modulo_id":"1","contrato":"123","total_encontrado":12,"usuario":"admin"}
[2025-12-22 18:58:09] [INFO] Pesquisa realizada na manutenção de IPTU | IP: ::1 | {"action":"pesquisar","ano_referencia":null,"empreendimento_id":"2","modulo_id":"1","contrato":"123","total_encontrado":0,"usuario":"admin"}
[2025-12-22 18:58:12] [INFO] Pesquisa realizada na manutenção de IPTU | IP: ::1 | {"action":"pesquisar","ano_referencia":null,"empreendimento_id":"2","modulo_id":"1","contrato":"123","total_encontrado":0,"usuario":"admin"}
[2025-12-22 18:58:14] [INFO] Pesquisa realizada na manutenção de IPTU | IP: ::1 | {"action":"pesquisar","ano_referencia":null,"empreendimento_id":"2","modulo_id":"1","contrato":"123","total_encontrado":12,"usuario":"admin"}
[2025-12-22 18:58:16] [INFO] Pesquisa realizada na manutenção de IPTU | IP: ::1 | {"action":"pesquisar","ano_referencia":null,"empreendimento_id":"2","modulo_id":"1","contrato":"123","total_encontrado":12,"usuario":"admin"}
[2025-12-22 19:07:02] [INFO] Pesquisa realizada na manutenção de IPTU | IP: ::1 | {"action":"pesquisar","ano_referencia":null,"empreendimento_id":"2","modulo_id":"1","contrato":"123","total_encontrado":12,"usuario":"admin"}
[2025-12-22 19:07:02] [INFO] Pesquisa realizada na manutenção de IPTU | IP: ::1 | {"action":"pesquisar","ano_referencia":null,"empreendimento_id":"2","modulo_id":"1","contrato":"123","total_encontrado":12,"usuario":"admin"}
[2025-12-22 19:07:10] [INFO] Pesquisa realizada na manutenção de IPTU | IP: ::1 | {"action":"pesquisar","ano_referencia":null,"empreendimento_id":"2","modulo_id":"1","contrato":"123","total_encontrado":12,"usuario":"admin"}
[2025-12-22 19:09:58] [INFO] Pesquisa realizada na manutenção de IPTU | IP: ::1 | {"action":"pesquisar","ano_referencia":null,"empreendimento_id":"2","modulo_id":"1","contrato":"123","total_encontrado":12,"usuario":"admin"}
[2025-12-22 19:13:43] [INFO] Pesquisa realizada na manutenção de IPTU | IP: ::1 | {"action":"pesquisar","ano_referencia":null,"empreendimento_id":"2","modulo_id":"1","contrato":"123","total_encontrado":12,"usuario":"admin"}
[2025-12-22 19:13:47] [INFO] Pesquisa realizada na manutenção de IPTU | IP: ::1 | {"action":"pesquisar","ano_referencia":null,"empreendimento_id":"2","modulo_id":"1","contrato":"123","total_encontrado":12,"usuario":"admin"}
[2025-12-22 19:13:52] [INFO] Pesquisa realizada na manutenção de IPTU | IP: ::1 | {"action":"pesquisar","ano_referencia":null,"empreendimento_id":"2","modulo_id":"1","contrato":"123","total_encontrado":12,"usuario":"admin"}
[2025-12-22 19:16:36] [INFO] Pesquisa realizada na manutenção de IPTU | IP: ::1 | {"action":"pesquisar","ano_referencia":null,"empreendimento_id":"2","modulo_id":"1","contrato":"123","total_encontrado":12,"usuario":"admin"}
[2025-12-22 19:16:37] [INFO] Pesquisa realizada na manutenção de IPTU | IP: ::1 | {"action":"pesquisar","ano_referencia":null,"empreendimento_id":"2","modulo_id":"1","contrato":"123","total_encontrado":12,"usuario":"admin"}
[2025-12-22 19:16:44] [INFO] Pesquisa realizada na manutenção de IPTU | IP: ::1 | {"action":"pesquisar","ano_referencia":null,"empreendimento_id":"2","modulo_id":"1","contrato":"123","total_encontrado":12,"usuario":"admin"}
[2025-12-22 19:16:51] [INFO] Pesquisa realizada na manutenção de IPTU | IP: ::1 | {"action":"pesquisar","ano_referencia":null,"empreendimento_id":"2","modulo_id":"1","contrato":"123","total_encontrado":0,"usuario":"admin"}
[2025-12-22 19:16:53] [INFO] Pesquisa realizada na manutenção de IPTU | IP: ::1 | {"action":"pesquisar","ano_referencia":null,"empreendimento_id":"2","modulo_id":"1","contrato":"123","total_encontrado":12,"usuario":"admin"}
[2025-12-22 19:17:06] [INFO] Pesquisa realizada na manutenção de IPTU | IP: ::1 | {"action":"pesquisar","ano_referencia":null,"empreendimento_id":"2","modulo_id":"1","contrato":"123","total_encontrado":12,"usuario":"admin"}
[2025-12-22 19:17:45] [INFO] Pesquisa realizada na manutenção de IPTU | IP: ::1 | {"action":"pesquisar","ano_referencia":null,"empreendimento_id":"2","modulo_id":"1","contrato":"123","total_encontrado":12,"usuario":"admin"}
[2025-12-22 19:27:29] [INFO] Pesquisa realizada na manutenção de IPTU | IP: ::1 | {"action":"pesquisar","ano_referencia":null,"empreendimento_id":"2","modulo_id":"1","contrato":"123","total_encontrado":12,"usuario":"admin"}
[2025-12-22 19:27:37] [INFO] Pesquisa realizada na manutenção de IPTU | IP: ::1 | {"action":"pesquisar","ano_referencia":null,"empreendimento_id":"2","modulo_id":"1","contrato":"123","total_encontrado":12,"usuario":"admin"}
[2025-12-22 19:27:38] [INFO] Pesquisa realizada na manutenção de IPTU | IP: ::1 | {"action":"pesquisar","ano_referencia":null,"empreendimento_id":"2","modulo_id":"1","contrato":"123","total_encontrado":12,"usuario":"admin"}
[2025-12-22 19:27:51] [INFO] Pesquisa realizada na manutenção de IPTU | IP: ::1 | {"action":"pesquisar","ano_referencia":null,"empreendimento_id":"2","modulo_id":"1","contrato":"123","total_encontrado":12,"usuario":"admin"}
[2025-12-22 19:27:53] [INFO] Pesquisa realizada na manutenção de IPTU | IP: ::1 | {"action":"pesquisar","ano_referencia":null,"empreendimento_id":"2","modulo_id":"1","contrato":"123","total_encontrado":12,"usuario":"admin"}
[2025-12-22 19:28:50] [INFO] Pesquisa realizada na manutenção de IPTU | IP: ::1 | {"action":"pesquisar","ano_referencia":null,"empreendimento_id":"2","modulo_id":"1","contrato":"123","total_encontrado":12,"usuario":"admin"}
[2025-12-22 19:28:53] [INFO] Pesquisa realizada na manutenção de IPTU | IP: ::1 | {"action":"pesquisar","ano_referencia":null,"empreendimento_id":"2","modulo_id":"1","contrato":"123","total_encontrado":12,"usuario":"admin"}
[2025-12-22 19:28:54] [INFO] Pesquisa realizada na manutenção de IPTU | IP: ::1 | {"action":"pesquisar","ano_referencia":null,"empreendimento_id":"2","modulo_id":"1","contrato":"123","total_encontrado":12,"usuario":"admin"}
[2025-12-22 19:28:58] [INFO] Pesquisa realizada na manutenção de IPTU | IP: ::1 | {"action":"pesquisar","ano_referencia":null,"empreendimento_id":"2","modulo_id":"1","contrato":"123","total_encontrado":12,"usuario":"admin"}
[2025-12-22 19:31:03] [INFO] Pesquisa realizada na manutenção de IPTU | IP: ::1 | {"action":"pesquisar","ano_referencia":null,"empreendimento_id":"2","modulo_id":"1","contrato":"123","total_encontrado":12,"usuario":"admin"}
[2025-12-22 19:31:05] [INFO] Pesquisa realizada na manutenção de IPTU | IP: ::1 | {"action":"pesquisar","ano_referencia":null,"empreendimento_id":"2","modulo_id":"1","contrato":"123","total_encontrado":12,"usuario":"admin"}
[2025-12-22 21:01:18] [INFO] Pesquisa realizada na manutenção de IPTU | IP: ::1 | {"action":"pesquisar","ano_referencia":null,"empreendimento_id":"2","modulo_id":"1","contrato":"123","total_encontrado":12,"usuario":"admin"}
[2025-12-22 21:01:21] [INFO] Pesquisa realizada na manutenção de IPTU | IP: ::1 | {"action":"pesquisar","ano_referencia":null,"empreendimento_id":"2","modulo_id":"1","contrato":"123","total_encontrado":12,"usuario":"admin"}
[2025-12-22 21:01:21] [INFO] Pesquisa realizada na manutenção de IPTU | IP: ::1 | {"action":"pesquisar","ano_referencia":null,"empreendimento_id":"2","modulo_id":"1","contrato":"123","total_encontrado":12,"usuario":"admin"}
[2025-12-22 21:01:28] [INFO] Pesquisa realizada na manutenção de IPTU | IP: ::1 | {"action":"pesquisar","ano_referencia":null,"empreendimento_id":"2","modulo_id":"1","contrato":"123","total_encontrado":12,"usuario":"admin"}
[2025-12-22 21:01:33] [INFO] Pesquisa realizada na manutenção de IPTU | IP: ::1 | {"action":"pesquisar","ano_referencia":null,"empreendimento_id":"2","modulo_id":"1","contrato":"123","total_encontrado":12,"usuario":"admin"}
[2025-12-22 21:01:44] [INFO] Pesquisa realizada na manutenção de IPTU | IP: ::1 | {"action":"pesquisar","ano_referencia":null,"empreendimento_id":"2","modulo_id":"1","contrato":"123","total_encontrado":12,"usuario":"admin"}
[2025-12-22 21:51:51] [INFO] Pesquisa realizada na manutenção de IPTU | IP: ::1 | {"action":"pesquisar","ano_referencia":null,"empreendimento_id":"2","modulo_id":"1","contrato":"123","total_encontrado":12,"usuario":"admin"}
[2025-12-22 21:51:52] [INFO] Pesquisa realizada na manutenção de IPTU | IP: ::1 | {"action":"pesquisar","ano_referencia":null,"empreendimento_id":"2","modulo_id":"1","contrato":"123","total_encontrado":12,"usuario":"admin"}
[2025-12-22 21:58:25] [INFO] Pesquisa realizada na manutenção de IPTU | IP: ::1 | {"action":"pesquisar","ano_referencia":null,"empreendimento_id":"2","modulo_id":"1","contrato":"123","total_encontrado":12,"usuario":"admin"}
[2025-12-22 21:58:26] [INFO] Pesquisa realizada na manutenção de IPTU | IP: ::1 | {"action":"pesquisar","ano_referencia":null,"empreendimento_id":"2","modulo_id":"1","contrato":"123","total_encontrado":12,"usuario":"admin"}
[2025-12-22 21:58:26] [INFO] Pesquisa realizada na manutenção de IPTU | IP: ::1 | {"action":"pesquisar","ano_referencia":null,"empreendimento_id":"2","modulo_id":"1","contrato":"123","total_encontrado":12,"usuario":"admin"}
[2025-12-22 21:58:41] [INFO] Pesquisa realizada na manutenção de IPTU | IP: ::1 | {"action":"pesquisar","ano_referencia":null,"empreendimento_id":"2","modulo_id":"1","contrato":"123","total_encontrado":12,"usuario":"admin"}
