[2025-12-09 00:40:31] [TESTE] Teste de escrita de log do sistema | IP: ::1 | {"teste":true,"timestamp_teste":1765237231}
[2025-12-09 00:40:31] [LOGIN] Login realizado com sucesso para o usuário: usuario_teste | IP: ::1 | {"usuario":"usuario_teste","sucesso":true,"motivo":"Teste de login bem-sucedido"}
[2025-12-09 00:40:31] [LOGIN] Tentativa de login falhou para o usuário: usuario_teste - Motivo: Teste de login falhado | IP: ::1 | {"usuario":"usuario_teste","sucesso":false,"motivo":"Teste de login falhado"}
[2025-12-09 00:47:34] [LOGIN] Login realizado com sucesso para o usuário: admin | IP: ::1 | {"usuario":"admin","sucesso":true,"motivo":"Senha correta (comparação direta)","usuario_encontrado":true,"usuario_id":1,"senha_correta":true,"senha_fornecida_length":6,"senha_banco_length":6,"comparacao_direta":true}
[2025-12-09 01:35:12] [LOGIN] Login realizado com sucesso para o usuário: admin | IP: ::1 | {"usuario":"admin","sucesso":true,"motivo":"Senha correta (comparação direta)","usuario_encontrado":true,"usuario_id":1,"senha_correta":true,"senha_fornecida_length":6,"senha_banco_length":6,"comparacao_direta":true}
[2025-12-09 01:36:52] [LOGIN] Login realizado com sucesso para o usuário: admin | IP: ::1 | {"usuario":"admin","sucesso":true,"motivo":"Senha correta (comparação direta)","usuario_encontrado":true,"usuario_id":1,"senha_correta":true,"senha_fornecida_length":6,"senha_banco_length":6,"comparacao_direta":true}
[2025-12-09 01:39:49] [LOGIN] Login realizado com sucesso para o usuário: admin | IP: ::1 | {"usuario":"admin","sucesso":true,"motivo":"Senha correta (comparação direta)","usuario_encontrado":true,"usuario_id":1,"senha_correta":true,"senha_fornecida_length":6,"senha_banco_length":6,"comparacao_direta":true}
[2025-12-09 13:38:38] [LOGIN] Login realizado com sucesso para o usuário: admin | IP: ::1 | {"usuario":"admin","sucesso":true,"motivo":"Senha correta (comparação direta)","usuario_encontrado":true,"usuario_id":1,"senha_correta":true,"senha_fornecida_length":6,"senha_banco_length":6,"comparacao_direta":true}
[2025-12-09 13:39:06] [LOGOUT] Usuário admin fez logout | IP: ::1 | {"usuario":"admin","tempo_logado_segundos":27,"tempo_logado_formatado":"00:00:27"}
[2025-12-09 13:39:29] [LOGIN] Login realizado com sucesso para o usuário: admin | IP: ::1 | {"usuario":"admin","sucesso":true,"motivo":"Senha correta (comparação direta)","usuario_encontrado":true,"usuario_id":1,"senha_correta":true,"senha_fornecida_length":6,"senha_banco_length":6,"comparacao_direta":true}
[2025-12-09 13:51:08] [LOGIN] Login realizado com sucesso para o usuário: admin | IP: ::1 | {"usuario":"admin","sucesso":true,"motivo":"Senha correta (comparação direta)","usuario_encontrado":true,"usuario_id":1,"senha_correta":true,"senha_fornecida_length":6,"senha_banco_length":6,"comparacao_direta":true}
[2025-12-09 13:52:17] [LOGIN] Login realizado com sucesso para o usuário: admin | IP: ::1 | {"usuario":"admin","sucesso":true,"motivo":"Senha correta (comparação direta)","usuario_encontrado":true,"usuario_id":1,"senha_correta":true,"senha_fornecida_length":6,"senha_banco_length":6,"comparacao_direta":true}
[2025-12-09 13:56:03] [LOGOUT] Usuário admin fez logout | IP: ::1 | {"usuario":"admin","tempo_logado_segundos":225,"tempo_logado_formatado":"00:03:45"}
[2025-12-09 13:56:14] [LOGIN] Login realizado com sucesso para o usuário: admin | IP: ::1 | {"usuario":"admin","sucesso":true,"motivo":"Senha correta (comparação direta)","usuario_encontrado":true,"usuario_id":1,"senha_correta":true,"senha_fornecida_length":6,"senha_banco_length":6,"comparacao_direta":true}
[2025-12-09 13:58:19] [LOGOUT] Usuário admin fez logout | IP: ::1 | {"usuario":"admin","tempo_logado_segundos":124,"tempo_logado_formatado":"00:02:04"}
[2025-12-09 14:15:32] [LOGIN] Login realizado com sucesso para o usuário: admin | IP: ::1 | {"usuario":"admin","sucesso":true,"motivo":"Senha correta (comparação direta)","usuario_encontrado":true,"usuario_id":1,"senha_correta":true,"senha_fornecida_length":6,"senha_banco_length":6,"comparacao_direta":true}
[2025-12-09 16:19:50] [LOGOUT] Usuário admin fez logout | IP: ::1 | {"usuario":"admin","tempo_logado_segundos":7457,"tempo_logado_formatado":"02:04:17"}
[2025-12-09 17:42:14] [LOGIN] Login realizado com sucesso para o usuário: admin | IP: ::1 | {"usuario":"admin","sucesso":true,"motivo":"Senha correta (comparação direta)","usuario_encontrado":true,"usuario_id":1,"senha_correta":true,"senha_fornecida_length":6,"senha_banco_length":6,"comparacao_direta":true}
[2025-12-09 21:23:55] [LOGIN] Login realizado com sucesso para o usuário: admin | IP: ::1 | {"usuario":"admin","sucesso":true,"motivo":"Senha correta (comparação direta)","usuario_encontrado":true,"usuario_id":1,"senha_correta":true,"senha_fornecida_length":6,"senha_banco_length":6,"comparacao_direta":true}
[2025-12-09 21:47:51] [LOGOUT] Usuário admin fez logout | IP: ::1 | {"usuario":"admin","tempo_logado_segundos":29301,"tempo_logado_formatado":"08:08:21"}
[2025-12-09 21:47:57] [LOGIN] Login realizado com sucesso para o usuário: admin | IP: ::1 | {"usuario":"admin","sucesso":true,"motivo":"Senha correta (comparação direta)","usuario_encontrado":true,"usuario_id":1,"senha_correta":true,"senha_fornecida_length":6,"senha_banco_length":6,"comparacao_direta":true}
[2025-12-09 21:49:26] [LOGIN] Login realizado com sucesso para o usuário: admin | IP: ::1 | {"usuario":"admin","sucesso":true,"motivo":"Senha correta (comparação direta)","usuario_encontrado":true,"usuario_id":1,"senha_correta":true,"senha_fornecida_length":6,"senha_banco_length":6,"comparacao_direta":true}
[2025-12-09 21:58:59] [LOGOUT] Usuário admin fez logout | IP: ::1 | {"usuario":"admin","tempo_logado_segundos":661,"tempo_logado_formatado":"00:11:01"}
[2025-12-09 22:03:41] [LOGIN] Login realizado com sucesso para o usuário: admin | IP: ::1 | {"usuario":"admin","sucesso":true,"motivo":"Senha correta (comparação direta)","usuario_encontrado":true,"usuario_id":1,"senha_correta":true,"senha_fornecida_length":6,"senha_banco_length":6,"comparacao_direta":true}
[2025-12-09 22:30:34] [ERRO] Erro no CRUD de clientes: SQLSTATE[42P01]: Undefined table: 7 ERRO:  relação "clientes" não existe
LINE 4:                     FROM clientes
                                 ^ | IP: ::1 | {"action":"list","erro":"SQLSTATE[42P01]: Undefined table: 7 ERRO:  relação \"clientes\" não existe\nLINE 4:                     FROM clientes\n                                 ^","arquivo":"C:\\xampp\\htdocs\\SISIPTU\\php\\clientes_api.php","linha":111}
[2025-12-09 22:31:37] [ERRO] Erro no CRUD de clientes: SQLSTATE[42P01]: Undefined table: 7 ERRO:  relação "clientes" não existe
LINE 4:                     FROM clientes
                                 ^ | IP: ::1 | {"action":"list","erro":"SQLSTATE[42P01]: Undefined table: 7 ERRO:  relação \"clientes\" não existe\nLINE 4:                     FROM clientes\n                                 ^","arquivo":"C:\\xampp\\htdocs\\SISIPTU\\php\\clientes_api.php","linha":109}
[2025-12-09 22:35:23] [ERRO] Erro no CRUD de clientes: SQLSTATE[42P01]: Undefined table: 7 ERRO:  relação "clientes" não existe
LINE 4:                     FROM clientes
                                 ^ | IP: ::1 | {"action":"list","erro":"SQLSTATE[42P01]: Undefined table: 7 ERRO:  relação \"clientes\" não existe\nLINE 4:                     FROM clientes\n                                 ^","arquivo":"C:\\xampp\\htdocs\\SISIPTU\\php\\clientes_api.php","linha":111}
[2025-12-09 23:29:11] [ERRO] Erro no CRUD de clientes: SQLSTATE[42P01]: Undefined table: 7 ERRO:  relação "clientes" não existe
LINE 4:                     FROM clientes
                                 ^ | IP: ::1 | {"action":"list","erro":"SQLSTATE[42P01]: Undefined table: 7 ERRO:  relação \"clientes\" não existe\nLINE 4:                     FROM clientes\n                                 ^","arquivo":"C:\\xampp\\htdocs\\SISIPTU\\php\\clientes_api.php","linha":111}
[2025-12-09 23:32:34] [LOGIN] Login realizado com sucesso para o usuário: admin | IP: ::1 | {"usuario":"admin","sucesso":true,"motivo":"Senha correta (comparação direta)","usuario_encontrado":true,"usuario_id":1,"senha_correta":true,"senha_fornecida_length":6,"senha_banco_length":6,"comparacao_direta":true}
[2025-12-09 23:32:42] [ERRO] Erro no CRUD de clientes: SQLSTATE[42P01]: Undefined table: 7 ERRO:  relação "clientes" não existe
LINE 4:                     FROM clientes
                                 ^ | IP: ::1 | {"action":"list","erro":"SQLSTATE[42P01]: Undefined table: 7 ERRO:  relação \"clientes\" não existe\nLINE 4:                     FROM clientes\n                                 ^","arquivo":"C:\\xampp\\htdocs\\SISIPTU\\php\\clientes_api.php","linha":111}
[2025-12-09 23:35:59] [ERRO] Erro no CRUD de clientes: SQLSTATE[42P01]: Undefined table: 7 ERRO:  relação "clientes" não existe
LINE 4:                     FROM clientes
                                 ^ | IP: ::1 | {"action":"list","erro":"SQLSTATE[42P01]: Undefined table: 7 ERRO:  relação \"clientes\" não existe\nLINE 4:                     FROM clientes\n                                 ^","arquivo":"C:\\xampp\\htdocs\\SISIPTU\\php\\clientes_api.php","linha":111}
[2025-12-09 23:38:11] [ERRO] Erro no CRUD de clientes: SQLSTATE[42P01]: Undefined table: 7 ERRO:  relação "clientes" não existe
LINE 4:                     FROM clientes
                                 ^ | IP: ::1 | {"action":"list","erro":"SQLSTATE[42P01]: Undefined table: 7 ERRO:  relação \"clientes\" não existe\nLINE 4:                     FROM clientes\n                                 ^","arquivo":"C:\\xampp\\htdocs\\SISIPTU\\php\\clientes_api.php","linha":111}
[2025-12-09 23:39:01] [ERRO] Erro no CRUD de clientes: SQLSTATE[42P01]: Undefined table: 7 ERRO:  relação "clientes" não existe
LINE 2:                 INSERT INTO clientes (
                                    ^ | IP: ::1 | {"action":"create","erro":"SQLSTATE[42P01]: Undefined table: 7 ERRO:  relação \"clientes\" não existe\nLINE 2:                 INSERT INTO clientes (\n                                    ^","arquivo":"C:\\xampp\\htdocs\\SISIPTU\\php\\clientes_api.php","linha":222}
[2025-12-09 23:41:29] [ERRO] Erro no CRUD de clientes: SQLSTATE[42P01]: Undefined table: 7 ERRO:  relação "clientes" não existe
LINE 4:                     FROM clientes
                                 ^ | IP: ::1 | {"action":"list","erro":"SQLSTATE[42P01]: Undefined table: 7 ERRO:  relação \"clientes\" não existe\nLINE 4:                     FROM clientes\n                                 ^","arquivo":"C:\\xampp\\htdocs\\SISIPTU\\php\\clientes_api.php","linha":111}
[2025-12-09 23:54:59] [ERRO] Erro no CRUD de clientes: SQLSTATE[22007]: Invalid datetime format: 7 ERRO:  sintaxe de entrada é inválida para tipo date: ""
CONTEXT:  parâmetro de portal sem nome $10 = '' | IP: ::1 | {"action":"create","erro":"SQLSTATE[22007]: Invalid datetime format: 7 ERRO:  sintaxe de entrada é inválida para tipo date: \"\"\nCONTEXT:  parâmetro de portal sem nome $10 = ''","arquivo":"C:\\xampp\\htdocs\\SISIPTU\\php\\clientes_api.php","linha":222}
[2025-12-09 23:55:09] [ERRO] Erro no CRUD de clientes: SQLSTATE[22007]: Invalid datetime format: 7 ERRO:  sintaxe de entrada é inválida para tipo date: ""
CONTEXT:  parâmetro de portal sem nome $10 = '' | IP: ::1 | {"action":"create","erro":"SQLSTATE[22007]: Invalid datetime format: 7 ERRO:  sintaxe de entrada é inválida para tipo date: \"\"\nCONTEXT:  parâmetro de portal sem nome $10 = ''","arquivo":"C:\\xampp\\htdocs\\SISIPTU\\php\\clientes_api.php","linha":222}
